<?xml version="1.0" encoding="UTF-8"?>
<!-- Generated by org.testng.reporters.JUnitXMLReporter -->
<testsuite ignored="0" hostname="Asus" failures="3" tests="14" name="Command line test" time="362.359" errors="0" timestamp="2023-11-16T05:18:17 GET">
  <testcase classname="org.example.AppAPITest" name="addItemsToPlaylistTest" time="2.426"/>
  <testcase classname="org.example.AppAPITest" name="createPlaylistTest" time="0.444"/>
  <testcase classname="org.example.AppAPITest" name="editDetailsOfThePlaylistTest" time="0.718"/>
  <testcase classname="org.example.AppAPITest" name="removeSongFromPlaylistTest" time="1.221"/>
  <testcase classname="org.example.AppUIAndAPITest" name="addSongToPlaylistTest" time="28.21"/>
  <testcase classname="org.example.AppUIAndAPITest" name="editDetailsOfThePlaylistTest" time="143.758">
    <failure type="java.lang.AssertionError" message="expected [Updated My Playlist for UIandAPI Test2] but found [Playlist for Test2]">
      <![CDATA[java.lang.AssertionError: expected [Updated My Playlist for UIandAPI Test2] but found [Playlist for Test2]
at org.example.AppUIAndAPITest.editDetailsOfThePlaylistTest(AppUIAndAPITest.java:125)
at java.base/java.util.ArrayList.forEach(ArrayList.java:1511)
... Removed 43 stack frames]]>
    </failure>
  </testcase> <!-- editDetailsOfThePlaylistTest -->
  <testcase classname="org.example.AppUITest" name="createPlaylistTest" time="25.228">
    <failure type="org.openqa.selenium.TimeoutException" message="Expected condition failed: waiting for visibility of Proxy element for: DefaultElementLocator &amp;apos;By.xpath: //span[text()=&amp;apos;Create playlist&amp;apos;]&amp;apos; (tried for 10 second(s) with 500 milliseconds interval)">
      <![CDATA[org.openqa.selenium.TimeoutException: Expected condition failed: waiting for visibility of Proxy element for: DefaultElementLocator 'By.xpath: //span[text()='Create playlist']' (tried for 10 second(s) with 500 milliseconds interval)
at org.openqa.selenium.support.ui.WebDriverWait.timeoutException(WebDriverWait.java:84)
at org.openqa.selenium.support.ui.FluentWait.until(FluentWait.java:230)
at org.pageobject.UtilitiesPage.waitForVisibilityOf(UtilitiesPage.java:20)
at org.pageobject.pages.HomePage.createPlaylistFromButton(HomePage.java:37)
at org.example.AppUITest.createPlaylistTest(AppUITest.java:97)
at java.base/java.util.ArrayList.forEach(ArrayList.java:1511)
Caused by: org.openqa.selenium.NoSuchElementException: no such element: Unable to locate element: {"method":"xpath","selector":"//span[text()='Create playlist']"}
  (Session info: chrome=119.0.6045.124)
For documentation on this error, please visit: https://www.selenium.dev/documentation/webdriver/troubleshooting/errors#no-such-element-exception
Build info: version: '4.12.0', revision: '249f2a7d1b*'
System info: os.name: 'Windows 11', os.arch: 'amd64', os.version: '10.0', java.version: '17.0.8'
Driver info: org.openqa.selenium.chrome.ChromeDriver
Command: [09f9e63e9721df5254e9dd7bfc811ed2, findElement {using=xpath, value=//span[text()='Create playlist']}]
Capabilities {acceptInsecureCerts: false, browserName: chrome, browserVersion: 119.0.6045.124, chrome: {chromedriverVersion: 119.0.6045.105 (38c72552c5e..., userDataDir: C:\Users\Asus\AppData\Local...}, fedcm:accounts: true, goog:chromeOptions: {debuggerAddress: localhost:51763}, networkConnectionEnabled: false, pageLoadStrategy: normal, platformName: windows, proxy: Proxy(), se:cdp: ws://localhost:51763/devtoo..., se:cdpVersion: 119.0.6045.124, setWindowRect: true, strictFileInteractability: false, timeouts: {implicit: 0, pageLoad: 300000, script: 30000}, unhandledPromptBehavior: dismiss and notify, webauthn:extension:credBlob: true, webauthn:extension:largeBlob: true, webauthn:extension:minPinLength: true, webauthn:extension:prf: true, webauthn:virtualAuthenticators: true}
Session ID: 09f9e63e9721df5254e9dd7bfc811ed2
at org.openqa.selenium.remote.codec.w3c.W3CHttpResponseCodec.createException(W3CHttpResponseCodec.java:200)
at org.openqa.selenium.remote.codec.w3c.W3CHttpResponseCodec.decode(W3CHttpResponseCodec.java:133)
at org.openqa.selenium.remote.codec.w3c.W3CHttpResponseCodec.decode(W3CHttpResponseCodec.java:52)
at org.openqa.selenium.remote.HttpCommandExecutor.execute(HttpCommandExecutor.java:191)
at org.openqa.selenium.remote.service.DriverCommandExecutor.invokeExecute(DriverCommandExecutor.java:196)
at org.openqa.selenium.remote.service.DriverCommandExecutor.execute(DriverCommandExecutor.java:171)
at org.openqa.selenium.remote.RemoteWebDriver.execute(RemoteWebDriver.java:602)
at org.openqa.selenium.remote.ElementLocation$ElementFinder$2.findElement(ElementLocation.java:165)
at org.openqa.selenium.remote.ElementLocation.findElement(ElementLocation.java:59)
at org.openqa.selenium.remote.RemoteWebDriver.findElement(RemoteWebDriver.java:359)
at org.openqa.selenium.remote.RemoteWebDriver.findElement(RemoteWebDriver.java:353)
at org.openqa.selenium.support.pagefactory.DefaultElementLocator.findElement(DefaultElementLocator.java:68)
at org.openqa.selenium.support.pagefactory.internal.LocatingElementHandler.invoke(LocatingElementHandler.java:38)
at jdk.proxy2/jdk.proxy2.$Proxy26.isDisplayed(Unknown Source)
at org.openqa.selenium.support.ui.ExpectedConditions.elementIfVisible(ExpectedConditions.java:304)
at org.openqa.selenium.support.ui.ExpectedConditions.access$000(ExpectedConditions.java:37)
at org.openqa.selenium.support.ui.ExpectedConditions$10.apply(ExpectedConditions.java:290)
at org.openqa.selenium.support.ui.ExpectedConditions$10.apply(ExpectedConditions.java:287)
at org.openqa.selenium.support.ui.FluentWait.until(FluentWait.java:205)
... 41 more
... Removed 41 stack frames]]>
    </failure>
  </testcase> <!-- createPlaylistTest -->
  <testcase classname="org.example.AppUITest" name="deletePlaylistTest" time="32.137"/>
  <testcase classname="org.example.AppUITest" name="editDetailsOfPlaylistTest" time="18.519"/>
  <testcase classname="org.example.AppUITest" name="loginWithCorrectCredentialsTest" time="14.277"/>
  <testcase classname="org.example.AppUITest" name="loginWithEmptyCredentialsTest" time="11.175"/>
  <testcase classname="org.example.AppUITest" name="loginWithIncorrectCredentialsTest" time="9.844"/>
  <testcase classname="org.example.AppUITest" name="removeSongFromPlaylistTest" time="35.503">
    <failure type="java.lang.AssertionError" message="expected [true] but found [false]">
      <![CDATA[java.lang.AssertionError: expected [true] but found [false]
at org.example.AppUITest.removeSongFromPlaylistTest(AppUITest.java:199)
at java.base/java.util.ArrayList.forEach(ArrayList.java:1511)
... Removed 44 stack frames]]>
    </failure>
  </testcase> <!-- removeSongFromPlaylistTest -->
  <testcase classname="org.example.AppUITest" name="searchAndAddToPlaylistTest" time="24.38"/>
</testsuite> <!-- Command line test -->
